0 info it worked if it ends with ok
1 verbose cli [ 'c:\\Program Files\\nodejs\\node.exe',
1 verbose cli   'c:\\Program Files\\nodejs\\node_modules\\npm\\bin\\npm-cli.js',
1 verbose cli   'publish' ]
2 info using npm@2.14.12
3 info using node@v4.2.6
4 verbose publish [ '.' ]
5 silly cache add args [ '.', null ]
6 verbose cache add spec .
7 silly cache add parsed spec Result {
7 silly cache add   raw: '.',
7 silly cache add   scope: null,
7 silly cache add   name: null,
7 silly cache add   rawSpec: '.',
7 silly cache add   spec: 'd:\\kumpulbagi-parser',
7 silly cache add   type: 'directory' }
8 verbose addLocalDirectory C:\Users\Administrator\AppData\Roaming\npm-cache\kumpulbagi-parser\1.0.1\package.tgz not in flight; packing
9 verbose tar pack [ 'C:\\Users\\Administrator\\AppData\\Roaming\\npm-cache\\kumpulbagi-parser\\1.0.1\\package.tgz',
9 verbose tar pack   'd:\\kumpulbagi-parser' ]
10 verbose tarball C:\Users\Administrator\AppData\Roaming\npm-cache\kumpulbagi-parser\1.0.1\package.tgz
11 verbose folder d:\kumpulbagi-parser
12 info prepublish kumpulbagi-parser@1.0.1
13 verbose addLocalTarball adding from inside cache C:\Users\Administrator\AppData\Roaming\npm-cache\kumpulbagi-parser\1.0.1\package.tgz
14 silly cache afterAdd kumpulbagi-parser@1.0.1
15 verbose afterAdd C:\Users\Administrator\AppData\Roaming\npm-cache\kumpulbagi-parser\1.0.1\package\package.json not in flight; writing
16 verbose afterAdd C:\Users\Administrator\AppData\Roaming\npm-cache\kumpulbagi-parser\1.0.1\package\package.json written
17 silly publish { name: 'kumpulbagi-parser',
17 silly publish   version: '1.0.1',
17 silly publish   description: 'Direct Link Download untuk Setiap Halaman KumpulBagi',
17 silly publish   main: './kumpulbagi-parser',
17 silly publish   preferGlobal: true,
17 silly publish   bin: { 'kumpulbagi-parser': './kumpulbagi-parser' },
17 silly publish   scripts: { test: 'echo "Error: no test specified" && exit 1' },
17 silly publish   repository:
17 silly publish    { type: 'git',
17 silly publish      url: 'git+https://github.com/semarketir/kumpulbagi-parser.git' },
17 silly publish   keywords: [ 'kumpulbagi', 'download', 'parser', 'direct', 'link' ],
17 silly publish   engines: { node: '>=4.2.6' },
17 silly publish   author: { name: 'Semar Ketir' },
17 silly publish   license: 'WTFPL',
17 silly publish   dependencies: { jquery: '^2.2.0', jsdom: '^7.2.2', request: '^2.67.0' },
17 silly publish   readme: '# Kumpul Bagi Parser\nDirect Link Download untuk Setiap Halaman KumpulBagi. \n\n**Instalasi**\n```sh\nnpm install -g kumpulbagi-parser\n```\n\n**Penggunaan**\n```sh\nkumpulbagi-parser --url="http://kumpulbagi.id/inaho-kaizuka/detective-conan-1-774-ongoing-49087" --output="./conan"\n```\n\nLICENSE\n---\nWTFPL\n\n> Daripada harus klik satu-satu setiap tombol download, mendingan disimpan ke txt file, lalu di Import via IDM :-)',
17 silly publish   readmeFilename: 'README.md',
17 silly publish   gitHead: 'ef23f77e011b533b9d9ddfb3ebe188f370e87976',
17 silly publish   bugs: { url: 'https://github.com/semarketir/kumpulbagi-parser/issues' },
17 silly publish   homepage: 'https://github.com/semarketir/kumpulbagi-parser#readme',
17 silly publish   _id: 'kumpulbagi-parser@1.0.1',
17 silly publish   _shasum: '565d5a45fb5b764172f04316be3a618a6c7c181d',
17 silly publish   _from: '.' }
18 verbose getPublishConfig undefined
19 silly mapToRegistry name kumpulbagi-parser
20 silly mapToRegistry using default registry
21 silly mapToRegistry registry https://registry.npmjs.org/
22 silly mapToRegistry uri https://registry.npmjs.org/kumpulbagi-parser
23 verbose publish registryBase https://registry.npmjs.org/
24 silly publish uploading C:\Users\Administrator\AppData\Roaming\npm-cache\kumpulbagi-parser\1.0.1\package.tgz
25 verbose request uri https://registry.npmjs.org/kumpulbagi-parser
26 verbose request sending authorization for write operation
27 info attempt registry request try #1 at 11:21:03 PM
28 verbose request using bearer token for auth
29 verbose request id 0fd41457714c88e7
30 http request PUT https://registry.npmjs.org/kumpulbagi-parser
31 http 403 https://registry.npmjs.org/kumpulbagi-parser
32 verbose headers { 'content-type': 'application/json',
32 verbose headers   'cache-control': 'max-age=300',
32 verbose headers   'content-length': '95',
32 verbose headers   'accept-ranges': 'bytes',
32 verbose headers   date: 'Sat, 13 Feb 2016 16:20:59 GMT',
32 verbose headers   via: '1.1 varnish',
32 verbose headers   connection: 'keep-alive',
32 verbose headers   'x-served-by': 'cache-ams4144-AMS',
32 verbose headers   'x-cache': 'MISS',
32 verbose headers   'x-cache-hits': '0',
32 verbose headers   'x-timer': 'S1455380458.391838,VS0,VE993' }
33 verbose request invalidating C:\Users\Administrator\AppData\Roaming\npm-cache\registry.npmjs.org\kumpulbagi-parser on PUT
34 error publish Failed PUT 403
35 verbose stack Error: "You cannot publish over the previously published version 1.0.1." : kumpulbagi-parser
35 verbose stack     at makeError (c:\Program Files\nodejs\node_modules\npm\node_modules\npm-registry-client\lib\request.js:264:12)
35 verbose stack     at CachingRegistryClient.<anonymous> (c:\Program Files\nodejs\node_modules\npm\node_modules\npm-registry-client\lib\request.js:252:14)
35 verbose stack     at Request._callback (c:\Program Files\nodejs\node_modules\npm\node_modules\npm-registry-client\lib\request.js:172:14)
35 verbose stack     at Request.self.callback (c:\Program Files\nodejs\node_modules\npm\node_modules\request\request.js:198:22)
35 verbose stack     at emitTwo (events.js:87:13)
35 verbose stack     at Request.emit (events.js:172:7)
35 verbose stack     at Request.<anonymous> (c:\Program Files\nodejs\node_modules\npm\node_modules\request\request.js:1082:10)
35 verbose stack     at emitOne (events.js:82:20)
35 verbose stack     at Request.emit (events.js:169:7)
35 verbose stack     at IncomingMessage.<anonymous> (c:\Program Files\nodejs\node_modules\npm\node_modules\request\request.js:1009:12)
36 verbose statusCode 403
37 verbose pkgid kumpulbagi-parser
38 verbose cwd d:\kumpulbagi-parser
39 error Windows_NT 6.1.7601
40 error argv "c:\\Program Files\\nodejs\\node.exe" "c:\\Program Files\\nodejs\\node_modules\\npm\\bin\\npm-cli.js" "publish"
41 error node v4.2.6
42 error npm  v2.14.12
43 error code E403
44 error "You cannot publish over the previously published version 1.0.1." : kumpulbagi-parser
45 error If you need help, you may report this error at:
45 error     <https://github.com/npm/npm/issues>
46 verbose exit [ 1, true ]
